Unity Editor version:    2022.3.2f1 (d74737c6db50)
Branch:                  2022.3/staging
Build type:              Release
Batch mode:              YES
macOS version:           Version 13.4 (Build 22F66)
Darwin version:          22.5.0
Architecture:            arm64
Running under Rosetta:   NO
Available memory:        16384 MB
Using pre-set license
Pro License: YES

COMMAND LINE ARGUMENTS:
/Applications/Unity/Hub/Editor/2022.3.2f1/Unity.app/Contents/MacOS/Unity
-adb2
-batchMode
-noUpm
-name
AssetImportWorker2
-projectPath
/Users/starman/Documents/GitHub/UnityMinerMole
-logFile
Logs/AssetImportWorker2.log
-srvPort
62363
Successfully changed project path to: /Users/starman/Documents/GitHub/UnityMinerMole
/Users/starman/Documents/GitHub/UnityMinerMole
[UnityMemory] Configuration Parameters - Can be set up in boot.config
    "memorysetup-bucket-allocator-granularity=16"
    "memorysetup-bucket-allocator-bucket-count=8"
    "memorysetup-bucket-allocator-block-size=33554432"
    "memorysetup-bucket-allocator-block-count=8"
    "memorysetup-main-allocator-block-size=16777216"
    "memorysetup-thread-allocator-block-size=16777216"
    "memorysetup-gfx-main-allocator-block-size=16777216"
    "memorysetup-gfx-thread-allocator-block-size=16777216"
    "memorysetup-cache-allocator-block-size=4194304"
    "memorysetup-typetree-allocator-block-size=2097152"
    "memorysetup-profiler-bucket-allocator-granularity=16"
    "memorysetup-profiler-bucket-allocator-bucket-count=8"
    "memorysetup-profiler-bucket-allocator-block-size=33554432"
    "memorysetup-profiler-bucket-allocator-block-count=8"
    "memorysetup-profiler-allocator-block-size=16777216"
    "memorysetup-profiler-editor-allocator-block-size=1048576"
    "memorysetup-temp-allocator-size-main=16777216"
    "memorysetup-job-temp-allocator-block-size=2097152"
    "memorysetup-job-temp-allocator-block-size-background=1048576"
    "memorysetup-job-temp-allocator-reduction-small-platforms=262144"
    "memorysetup-allocator-temp-initial-block-size-main=262144"
    "memorysetup-allocator-temp-initial-block-size-worker=262144"
    "memorysetup-temp-allocator-size-background-worker=32768"
    "memorysetup-temp-allocator-size-job-worker=262144"
    "memorysetup-temp-allocator-size-preload-manager=33554432"
    "memorysetup-temp-allocator-size-nav-mesh-worker=65536"
    "memorysetup-temp-allocator-size-audio-worker=65536"
    "memorysetup-temp-allocator-size-cloud-worker=32768"
    "memorysetup-temp-allocator-size-gi-baking-worker=262144"
    "memorysetup-temp-allocator-size-gfx=262144"
Player connection [8624922112] Host "[IP] 192.168.2.23 [Port] 0 [Flags] 2 [Guid] 604923499 [EditorId] 604923499 [Version] 1048832 [Id] OSXEditor(0,Starmans-MacBook-Pro.local) [Debug] 1 [PackageName] OSXEditor [ProjectName] Editor" joined multi-casting on [225.0.0.222:54997]...

Player connection [8624922112] Host "[IP] 192.168.2.23 [Port] 0 [Flags] 2 [Guid] 604923499 [EditorId] 604923499 [Version] 1048832 [Id] OSXEditor(0,Starmans-MacBook-Pro.local) [Debug] 1 [PackageName] OSXEditor [ProjectName] Editor" joined alternative multi-casting on [225.0.0.222:34997]...

Refreshing native plugins compatible for Editor in 1.94 ms, found 3 plugins.
Preloading 0 native plugins for Editor in 0.00 ms.
Initialize engine version: 2022.3.2f1 (d74737c6db50)
[Subsystems] Discovering subsystems at path /Applications/Unity/Hub/Editor/2022.3.2f1/Unity.app/Contents/Resources/UnitySubsystems
[Subsystems] Discovering subsystems at path /Users/starman/Documents/GitHub/UnityMinerMole/Assets
GfxDevice: creating device client; threaded=0; jobified=0
 preferred device: Apple M2 Pro (high power)
Metal devices available: 1
0: Apple M2 Pro (high power)
Using device Apple M2 Pro (high power)
Initializing Metal device caps: Apple M2 Pro
Initialize mono
Mono path[0] = '/Applications/Unity/Hub/Editor/2022.3.2f1/Unity.app/Contents/Managed'
Mono path[1] = '/Applications/Unity/Hub/Editor/2022.3.2f1/Unity.app/Contents/MonoBleedingEdge/lib/mono/unityjit-macos'
Mono config path = '/Applications/Unity/Hub/Editor/2022.3.2f1/Unity.app/Contents/MonoBleedingEdge/etc'
Using monoOptions --debugger-agent=transport=dt_socket,embedding=1,server=y,suspend=n,address=127.0.0.1:56872
Begin MonoManager ReloadAssembly
Registering precompiled unity dll's ...
Register platform support module: /Applications/Unity/Hub/Editor/2022.3.2f1/PlaybackEngines/WebGLSupport/UnityEditor.WebGL.Extensions.dll
Register platform support module: /Applications/Unity/Hub/Editor/2022.3.2f1/Unity.app/Contents/PlaybackEngines/MacStandaloneSupport/UnityEditor.OSXStandalone.Extensions.dll
Registered in 0.000997 seconds.
- Loaded All Assemblies, in  0.182 seconds
Native extension for OSXStandalone target not found
Native extension for WebGL target not found
Mono: successfully reloaded assembly
- Finished resetting the current domain, in  0.140 seconds
Domain Reload Profiling: 323ms
	BeginReloadAssembly (37ms)
		ExecutionOrderSort (0ms)
		DisableScriptedObjects (0ms)
		BackupInstance (0ms)
		ReleaseScriptingObjects (0ms)
		CreateAndSetChildDomain (0ms)
	RebuildCommonClasses (22ms)
	RebuildNativeTypeToScriptingClass (7ms)
	initialDomainReloadingComplete (28ms)
	LoadAllAssembliesAndSetupDomain (87ms)
		LoadAssemblies (36ms)
		RebuildTransferFunctionScriptingTraits (0ms)
		AnalyzeDomain (85ms)
			TypeCache.Refresh (85ms)
				TypeCache.ScanAssembly (78ms)
			ScanForSourceGeneratedMonoScriptInfo (0ms)
			ResolveRequiredComponents (0ms)
	FinalizeReload (141ms)
		ReleaseScriptCaches (0ms)
		RebuildScriptCaches (0ms)
		SetupLoadedEditorAssemblies (104ms)
			LogAssemblyErrors (0ms)
			InitializePlatformSupportModulesInManaged (4ms)
			SetLoadedEditorAssemblies (3ms)
			RefreshPlugins (0ms)
			BeforeProcessingInitializeOnLoad (1ms)
			ProcessInitializeOnLoadAttributes (71ms)
			ProcessInitializeOnLoadMethodAttributes (25ms)
			AfterProcessingInitializeOnLoad (0ms)
			EditorAssembliesLoaded (0ms)
		ExecutionOrderSort2 (0ms)
		AwakeInstancesAfterBackupRestoration (0ms)
========================================================================
Worker process is ready to serve import requests
Begin MonoManager ReloadAssembly
- Loaded All Assemblies, in  0.340 seconds
Refreshing native plugins compatible for Editor in 1.13 ms, found 3 plugins.
Native extension for OSXStandalone target not found
Native extension for WebGL target not found
Mono: successfully reloaded assembly
- Finished resetting the current domain, in  0.282 seconds
Domain Reload Profiling: 622ms
	BeginReloadAssembly (65ms)
		ExecutionOrderSort (0ms)
		DisableScriptedObjects (3ms)
		BackupInstance (0ms)
		ReleaseScriptingObjects (0ms)
		CreateAndSetChildDomain (14ms)
	RebuildCommonClasses (22ms)
	RebuildNativeTypeToScriptingClass (7ms)
	initialDomainReloadingComplete (21ms)
	LoadAllAssembliesAndSetupDomain (224ms)
		LoadAssemblies (107ms)
		RebuildTransferFunctionScriptingTraits (0ms)
		AnalyzeDomain (142ms)
			TypeCache.Refresh (133ms)
				TypeCache.ScanAssembly (126ms)
			ScanForSourceGeneratedMonoScriptInfo (7ms)
			ResolveRequiredComponents (2ms)
	FinalizeReload (282ms)
		ReleaseScriptCaches (0ms)
		RebuildScriptCaches (0ms)
		SetupLoadedEditorAssemblies (196ms)
			LogAssemblyErrors (0ms)
			InitializePlatformSupportModulesInManaged (2ms)
			SetLoadedEditorAssemblies (3ms)
			RefreshPlugins (0ms)
			BeforeProcessingInitializeOnLoad (28ms)
			ProcessInitializeOnLoadAttributes (147ms)
			ProcessInitializeOnLoadMethodAttributes (14ms)
			AfterProcessingInitializeOnLoad (1ms)
			EditorAssembliesLoaded (0ms)
		ExecutionOrderSort2 (0ms)
		AwakeInstancesAfterBackupRestoration (2ms)
Launching external process: /Applications/Unity/Hub/Editor/2022.3.2f1/Unity.app/Contents/Tools/UnityShaderCompiler
Launched and connected shader compiler UnityShaderCompiler after 0.04 seconds
Refreshing native plugins compatible for Editor in 0.76 ms, found 3 plugins.
Preloading 0 native plugins for Editor in 0.00 ms.
Unloading 2393 Unused Serialized files (Serialized files now loaded: 0)
Unloading 54 unused Assets / (52.4 KB). Loaded Objects now: 2862.
Memory consumption went from 107.5 MB to 107.5 MB.
Total: 2.323917 ms (FindLiveObjects: 0.081375 ms CreateObjectMapping: 0.035875 ms MarkObjects: 2.128833 ms  DeleteObjects: 0.077250 ms)

AssetImportParameters requested are different than current active one (requested -> active):
  custom:video-decoder-webm-vp8: 9c59270c3fd7afecdb556c50c9e8de78 -> 
  custom:container-demuxer-ogg: 62fdf1f143b41e24485cea50d1cbac27 -> 
  custom:AudioImporter_EditorPlatform: 3918e3fc78b5a79bad01e8451be0beb8 -> 
  custom:video-decoder-ogg-theora: a1e56fd34408186e4bbccfd4996cb3dc -> 
  custom:framework-osx-AVFoundation: e770b220cccbd017edd2c1fefb359320 -> 
  custom:video-encoder-webm-vp8: eb34c28f22e8b96e1ab97ce403110664 -> 
  custom:audio-decoder-ogg-vorbis: bf7c407c2cedff20999df2af8eb42d56 -> 
  custom:container-demuxer-webm: 4f35f7cbe854078d1ac9338744f61a02 -> 
  custom:audio-encoder-webm-vorbis: bf7c407c2cedff20999df2af8eb42d56 -> 
  custom:container-muxer-webm: aa71ff27fc2769a1b78a27578f13a17b -> 
========================================================================
Received Import Request.
  Time since last request: 1505033.644752 seconds.
  path: Assets/Tiles/64x64.prefab
  artifactKey: Guid(1a386f02f457149aa92f3c737f0378e6) Importer(815301076,1909f56bfc062723c751e8b465ee728b)
Start importing Assets/Tiles/64x64.prefab using Guid(1a386f02f457149aa92f3c737f0378e6) Importer(815301076,1909f56bfc062723c751e8b465ee728b)  -> (artifact id: 'a2835c1c45f74f8654fa378130780e93') in 0.160876 seconds
Number of updated asset objects reloaded before import = 0
Number of asset objects unloaded after import = 35
========================================================================
Received Import Request.
  Time since last request: 0.710081 seconds.
  path: Assets/Sprites/BrickDestroy.png
  artifactKey: Guid(8482cc10c037d2846a26e45ca1a26d7b) Importer(815301076,1909f56bfc062723c751e8b465ee728b)
Start importing Assets/Sprites/BrickDestroy.png using Guid(8482cc10c037d2846a26e45ca1a26d7b) Importer(815301076,1909f56bfc062723c751e8b465ee728b)  -> (artifact id: 'e2967e15fde40f06fde9afc29b584cd0') in 0.035305 seconds
Number of updated asset objects reloaded before import = 0
Number of asset objects unloaded after import = 9
========================================================================
Received Import Request.
  Time since last request: 0.000083 seconds.
  path: Assets/Sprites/Ground.png
  artifactKey: Guid(5422b6ce89a3ce44fa7b1819bf04ca02) Importer(815301076,1909f56bfc062723c751e8b465ee728b)
Start importing Assets/Sprites/Ground.png using Guid(5422b6ce89a3ce44fa7b1819bf04ca02) Importer(815301076,1909f56bfc062723c751e8b465ee728b)  -> (artifact id: '05c9c6b8fc47fe407b0ebae201ba59df') in 0.004977 seconds
Number of updated asset objects reloaded before import = 0
Number of asset objects unloaded after import = 3
========================================================================
Received Import Request.
  Time since last request: 0.000093 seconds.
  path: Assets/Sprites/GroundShadow.png
  artifactKey: Guid(4f43bdf341c65eb438a98cbc3b92856e) Importer(815301076,1909f56bfc062723c751e8b465ee728b)
Start importing Assets/Sprites/GroundShadow.png using Guid(4f43bdf341c65eb438a98cbc3b92856e) Importer(815301076,1909f56bfc062723c751e8b465ee728b)  -> (artifact id: '8f8e59155759844e9ce18a1f85dcd6b0') in 0.002985 seconds
Number of updated asset objects reloaded before import = 0
Number of asset objects unloaded after import = 3
========================================================================
Received Import Request.
  Time since last request: 0.000108 seconds.
  path: Assets/Sprites/Stone-Sheet.png
  artifactKey: Guid(f9a74899f18b74900802a45da8c47492) Importer(815301076,1909f56bfc062723c751e8b465ee728b)
Start importing Assets/Sprites/Stone-Sheet.png using Guid(f9a74899f18b74900802a45da8c47492) Importer(815301076,1909f56bfc062723c751e8b465ee728b)  -> (artifact id: 'ce25eaf4eeb8a62061fde14f561b14cb') in 0.004936 seconds
Number of updated asset objects reloaded before import = 0
Number of asset objects unloaded after import = 3
========================================================================
Received Import Request.
  Time since last request: 0.000107 seconds.
  path: Assets/Sprites/ItemSpeedIncrease.asset
  artifactKey: Guid(3025e5098191d4e338a01ebe81087fd5) Importer(815301076,1909f56bfc062723c751e8b465ee728b)
Start importing Assets/Sprites/ItemSpeedIncrease.asset using Guid(3025e5098191d4e338a01ebe81087fd5) Importer(815301076,1909f56bfc062723c751e8b465ee728b)  -> (artifact id: 'cbd2f34ba6b0f596ab0ebaa1a7e465ce') in 0.001661 seconds
Number of updated asset objects reloaded before import = 0
Number of asset objects unloaded after import = 1
========================================================================
Received Import Request.
  Time since last request: 0.000140 seconds.
  path: Assets/Sprites/ExtraBomb-Sheet.png
  artifactKey: Guid(ea6e7374e3ced4d9eae17b0a50f212fa) Importer(815301076,1909f56bfc062723c751e8b465ee728b)
Start importing Assets/Sprites/ExtraBomb-Sheet.png using Guid(ea6e7374e3ced4d9eae17b0a50f212fa) Importer(815301076,1909f56bfc062723c751e8b465ee728b)  -> (artifact id: '75a9f26a188f8714bc805e97e3341460') in 0.012015 seconds
Number of updated asset objects reloaded before import = 0
Number of asset objects unloaded after import = 6
========================================================================
Received Import Request.
  Time since last request: 0.000112 seconds.
  path: Assets/Sprites/ExplosionMiddle.png
  artifactKey: Guid(564bb63966a357540a9f5ec5b94c4d2b) Importer(815301076,1909f56bfc062723c751e8b465ee728b)
Start importing Assets/Sprites/ExplosionMiddle.png using Guid(564bb63966a357540a9f5ec5b94c4d2b) Importer(815301076,1909f56bfc062723c751e8b465ee728b)  -> (artifact id: 'cc226fd095da1320fb35b953c73ad499') in 0.014851 seconds
Number of updated asset objects reloaded before import = 0
Number of asset objects unloaded after import = 10
========================================================================
Received Import Request.
  Time since last request: 0.000080 seconds.
  path: Assets/Sprites/wallsanddoor-Sheet.png
  artifactKey: Guid(b919f3b65cc6646c7ab2a4ace8dd6a70) Importer(815301076,1909f56bfc062723c751e8b465ee728b)
Start importing Assets/Sprites/wallsanddoor-Sheet.png using Guid(b919f3b65cc6646c7ab2a4ace8dd6a70) Importer(815301076,1909f56bfc062723c751e8b465ee728b)  -> (artifact id: 'df3010438ace833bbb59ea8b074f3a4c') in 0.009708 seconds
Number of updated asset objects reloaded before import = 0
Number of asset objects unloaded after import = 4
========================================================================
Received Import Request.
  Time since last request: 0.000121 seconds.
  path: Assets/Sprites/PlayerWhiteDeath.png
  artifactKey: Guid(6ee6e2eb891e94f489f0a462980f2665) Importer(815301076,1909f56bfc062723c751e8b465ee728b)
Start importing Assets/Sprites/PlayerWhiteDeath.png using Guid(6ee6e2eb891e94f489f0a462980f2665) Importer(815301076,1909f56bfc062723c751e8b465ee728b)  -> (artifact id: '4be4c00cd2f4ac365bbda1847231e3e0') in 0.011082 seconds
Number of updated asset objects reloaded before import = 0
Number of asset objects unloaded after import = 8
