Unity Editor version:    2022.3.2f1 (d74737c6db50)
Branch:                  2022.3/staging
Build type:              Release
Batch mode:              YES
macOS version:           Version 13.4 (Build 22F66)
Darwin version:          22.5.0
Architecture:            arm64
Running under Rosetta:   NO
Available memory:        16384 MB
Using pre-set license
Pro License: YES

COMMAND LINE ARGUMENTS:
/Applications/Unity/Hub/Editor/2022.3.2f1/Unity.app/Contents/MacOS/Unity
-adb2
-batchMode
-noUpm
-name
AssetImportWorker1
-projectPath
/Users/starman/Documents/GitHub/UnityMinerMole
-logFile
Logs/AssetImportWorker1.log
-srvPort
62363
Successfully changed project path to: /Users/starman/Documents/GitHub/UnityMinerMole
/Users/starman/Documents/GitHub/UnityMinerMole
[UnityMemory] Configuration Parameters - Can be set up in boot.config
    "memorysetup-bucket-allocator-granularity=16"
    "memorysetup-bucket-allocator-bucket-count=8"
    "memorysetup-bucket-allocator-block-size=33554432"
    "memorysetup-bucket-allocator-block-count=8"
    "memorysetup-main-allocator-block-size=16777216"
    "memorysetup-thread-allocator-block-size=16777216"
    "memorysetup-gfx-main-allocator-block-size=16777216"
    "memorysetup-gfx-thread-allocator-block-size=16777216"
    "memorysetup-cache-allocator-block-size=4194304"
    "memorysetup-typetree-allocator-block-size=2097152"
    "memorysetup-profiler-bucket-allocator-granularity=16"
    "memorysetup-profiler-bucket-allocator-bucket-count=8"
    "memorysetup-profiler-bucket-allocator-block-size=33554432"
    "memorysetup-profiler-bucket-allocator-block-count=8"
    "memorysetup-profiler-allocator-block-size=16777216"
    "memorysetup-profiler-editor-allocator-block-size=1048576"
    "memorysetup-temp-allocator-size-main=16777216"
    "memorysetup-job-temp-allocator-block-size=2097152"
    "memorysetup-job-temp-allocator-block-size-background=1048576"
    "memorysetup-job-temp-allocator-reduction-small-platforms=262144"
    "memorysetup-allocator-temp-initial-block-size-main=262144"
    "memorysetup-allocator-temp-initial-block-size-worker=262144"
    "memorysetup-temp-allocator-size-background-worker=32768"
    "memorysetup-temp-allocator-size-job-worker=262144"
    "memorysetup-temp-allocator-size-preload-manager=33554432"
    "memorysetup-temp-allocator-size-nav-mesh-worker=65536"
    "memorysetup-temp-allocator-size-audio-worker=65536"
    "memorysetup-temp-allocator-size-cloud-worker=32768"
    "memorysetup-temp-allocator-size-gi-baking-worker=262144"
    "memorysetup-temp-allocator-size-gfx=262144"
Player connection [8624922112] Host "[IP] 192.168.2.23 [Port] 0 [Flags] 2 [Guid] 155285764 [EditorId] 155285764 [Version] 1048832 [Id] OSXEditor(0,Starmans-MacBook-Pro.local) [Debug] 1 [PackageName] OSXEditor [ProjectName] Editor" joined multi-casting on [225.0.0.222:54997]...

Player connection [8624922112] Host "[IP] 192.168.2.23 [Port] 0 [Flags] 2 [Guid] 155285764 [EditorId] 155285764 [Version] 1048832 [Id] OSXEditor(0,Starmans-MacBook-Pro.local) [Debug] 1 [PackageName] OSXEditor [ProjectName] Editor" joined alternative multi-casting on [225.0.0.222:34997]...

Refreshing native plugins compatible for Editor in 11.09 ms, found 3 plugins.
Preloading 0 native plugins for Editor in 0.00 ms.
Initialize engine version: 2022.3.2f1 (d74737c6db50)
[Subsystems] Discovering subsystems at path /Applications/Unity/Hub/Editor/2022.3.2f1/Unity.app/Contents/Resources/UnitySubsystems
[Subsystems] Discovering subsystems at path /Users/starman/Documents/GitHub/UnityMinerMole/Assets
GfxDevice: creating device client; threaded=0; jobified=0
 preferred device: Apple M2 Pro (high power)
Metal devices available: 1
0: Apple M2 Pro (high power)
Using device Apple M2 Pro (high power)
Initializing Metal device caps: Apple M2 Pro
Initialize mono
Mono path[0] = '/Applications/Unity/Hub/Editor/2022.3.2f1/Unity.app/Contents/Managed'
Mono path[1] = '/Applications/Unity/Hub/Editor/2022.3.2f1/Unity.app/Contents/MonoBleedingEdge/lib/mono/unityjit-macos'
Mono config path = '/Applications/Unity/Hub/Editor/2022.3.2f1/Unity.app/Contents/MonoBleedingEdge/etc'
Using monoOptions --debugger-agent=transport=dt_socket,embedding=1,server=y,suspend=n,address=127.0.0.1:56870
Begin MonoManager ReloadAssembly
Registering precompiled unity dll's ...
Register platform support module: /Applications/Unity/Hub/Editor/2022.3.2f1/PlaybackEngines/WebGLSupport/UnityEditor.WebGL.Extensions.dll
Register platform support module: /Applications/Unity/Hub/Editor/2022.3.2f1/Unity.app/Contents/PlaybackEngines/MacStandaloneSupport/UnityEditor.OSXStandalone.Extensions.dll
Registered in 0.002838 seconds.
- Loaded All Assemblies, in  0.224 seconds
Native extension for OSXStandalone target not found
Native extension for WebGL target not found
Mono: successfully reloaded assembly
- Finished resetting the current domain, in  0.143 seconds
Domain Reload Profiling: 367ms
	BeginReloadAssembly (73ms)
		ExecutionOrderSort (0ms)
		DisableScriptedObjects (0ms)
		BackupInstance (0ms)
		ReleaseScriptingObjects (0ms)
		CreateAndSetChildDomain (0ms)
	RebuildCommonClasses (22ms)
	RebuildNativeTypeToScriptingClass (7ms)
	initialDomainReloadingComplete (32ms)
	LoadAllAssembliesAndSetupDomain (90ms)
		LoadAssemblies (73ms)
		RebuildTransferFunctionScriptingTraits (0ms)
		AnalyzeDomain (88ms)
			TypeCache.Refresh (87ms)
				TypeCache.ScanAssembly (80ms)
			ScanForSourceGeneratedMonoScriptInfo (0ms)
			ResolveRequiredComponents (0ms)
	FinalizeReload (143ms)
		ReleaseScriptCaches (0ms)
		RebuildScriptCaches (0ms)
		SetupLoadedEditorAssemblies (106ms)
			LogAssemblyErrors (0ms)
			InitializePlatformSupportModulesInManaged (4ms)
			SetLoadedEditorAssemblies (4ms)
			RefreshPlugins (0ms)
			BeforeProcessingInitializeOnLoad (1ms)
			ProcessInitializeOnLoadAttributes (71ms)
			ProcessInitializeOnLoadMethodAttributes (25ms)
			AfterProcessingInitializeOnLoad (0ms)
			EditorAssembliesLoaded (0ms)
		ExecutionOrderSort2 (0ms)
		AwakeInstancesAfterBackupRestoration (0ms)
========================================================================
Worker process is ready to serve import requests
Begin MonoManager ReloadAssembly
- Loaded All Assemblies, in  0.399 seconds
Refreshing native plugins compatible for Editor in 0.93 ms, found 3 plugins.
Native extension for OSXStandalone target not found
Native extension for WebGL target not found
Mono: successfully reloaded assembly
- Finished resetting the current domain, in  0.309 seconds
Domain Reload Profiling: 708ms
	BeginReloadAssembly (67ms)
		ExecutionOrderSort (0ms)
		DisableScriptedObjects (3ms)
		BackupInstance (0ms)
		ReleaseScriptingObjects (0ms)
		CreateAndSetChildDomain (15ms)
	RebuildCommonClasses (21ms)
	RebuildNativeTypeToScriptingClass (7ms)
	initialDomainReloadingComplete (20ms)
	LoadAllAssembliesAndSetupDomain (284ms)
		LoadAssemblies (163ms)
		RebuildTransferFunctionScriptingTraits (0ms)
		AnalyzeDomain (147ms)
			TypeCache.Refresh (138ms)
				TypeCache.ScanAssembly (131ms)
			ScanForSourceGeneratedMonoScriptInfo (7ms)
			ResolveRequiredComponents (2ms)
	FinalizeReload (310ms)
		ReleaseScriptCaches (0ms)
		RebuildScriptCaches (0ms)
		SetupLoadedEditorAssemblies (224ms)
			LogAssemblyErrors (0ms)
			InitializePlatformSupportModulesInManaged (2ms)
			SetLoadedEditorAssemblies (3ms)
			RefreshPlugins (0ms)
			BeforeProcessingInitializeOnLoad (27ms)
			ProcessInitializeOnLoadAttributes (175ms)
			ProcessInitializeOnLoadMethodAttributes (16ms)
			AfterProcessingInitializeOnLoad (1ms)
			EditorAssembliesLoaded (0ms)
		ExecutionOrderSort2 (0ms)
		AwakeInstancesAfterBackupRestoration (2ms)
Launching external process: /Applications/Unity/Hub/Editor/2022.3.2f1/Unity.app/Contents/Tools/UnityShaderCompiler
Launched and connected shader compiler UnityShaderCompiler after 0.05 seconds
Refreshing native plugins compatible for Editor in 1.13 ms, found 3 plugins.
Preloading 0 native plugins for Editor in 0.00 ms.
Unloading 2393 Unused Serialized files (Serialized files now loaded: 0)
Unloading 54 unused Assets / (52.3 KB). Loaded Objects now: 2862.
Memory consumption went from 107.5 MB to 107.5 MB.
Total: 2.528125 ms (FindLiveObjects: 0.105125 ms CreateObjectMapping: 0.045625 ms MarkObjects: 2.294542 ms  DeleteObjects: 0.082291 ms)

AssetImportParameters requested are different than current active one (requested -> active):
  custom:video-decoder-webm-vp8: 9c59270c3fd7afecdb556c50c9e8de78 -> 
  custom:container-demuxer-ogg: 62fdf1f143b41e24485cea50d1cbac27 -> 
  custom:AudioImporter_EditorPlatform: 3918e3fc78b5a79bad01e8451be0beb8 -> 
  custom:video-decoder-ogg-theora: a1e56fd34408186e4bbccfd4996cb3dc -> 
  custom:framework-osx-AVFoundation: e770b220cccbd017edd2c1fefb359320 -> 
  custom:video-encoder-webm-vp8: eb34c28f22e8b96e1ab97ce403110664 -> 
  custom:audio-decoder-ogg-vorbis: bf7c407c2cedff20999df2af8eb42d56 -> 
  custom:container-demuxer-webm: 4f35f7cbe854078d1ac9338744f61a02 -> 
  custom:audio-encoder-webm-vorbis: bf7c407c2cedff20999df2af8eb42d56 -> 
  custom:container-muxer-webm: aa71ff27fc2769a1b78a27578f13a17b -> 
========================================================================
Received Import Request.
  Time since last request: 1505031.202359 seconds.
  path: Assets/Prefabs/Destructible.prefab
  artifactKey: Guid(1ac7a5f8ae90ed04aa34c0753307c241) Importer(815301076,1909f56bfc062723c751e8b465ee728b)
Start importing Assets/Prefabs/Destructible.prefab using Guid(1ac7a5f8ae90ed04aa34c0753307c241) Importer(815301076,1909f56bfc062723c751e8b465ee728b)  -> (artifact id: '025f6eaa654b01bfbb50d55723d1ff34') in 0.017862 seconds
Number of updated asset objects reloaded before import = 0
Number of asset objects unloaded after import = 41
========================================================================
Received Import Request.
  Time since last request: 0.000028 seconds.
  path: Assets/Prefabs/ItemSpeedIncrease.prefab
  artifactKey: Guid(9c2bdb21ab8265641bc0fc2d66b5f0f1) Importer(815301076,1909f56bfc062723c751e8b465ee728b)
Start importing Assets/Prefabs/ItemSpeedIncrease.prefab using Guid(9c2bdb21ab8265641bc0fc2d66b5f0f1) Importer(815301076,1909f56bfc062723c751e8b465ee728b)  -> (artifact id: '31ba749daf0ebbde3991dd339def5fc2') in 0.052507 seconds
Number of updated asset objects reloaded before import = 0
Number of asset objects unloaded after import = 15
========================================================================
Received Import Request.
  Time since last request: 0.000037 seconds.
  path: Assets/Prefabs/Player 1.prefab
  artifactKey: Guid(946d0044cfb4040e18cacf6dee4c78c7) Importer(815301076,1909f56bfc062723c751e8b465ee728b)
Start importing Assets/Prefabs/Player 1.prefab using Guid(946d0044cfb4040e18cacf6dee4c78c7) Importer(815301076,1909f56bfc062723c751e8b465ee728b)  -> (artifact id: 'd682bbdcafdb6db99d453fe373225c3a') in 0.011659 seconds
Number of updated asset objects reloaded before import = 0
Number of asset objects unloaded after import = 162
========================================================================
Received Import Request.
  Time since last request: 0.000038 seconds.
  path: Assets/Physics/Bouncy.physicsMaterial2D
  artifactKey: Guid(7b1424e9767429940a530ff73961911a) Importer(815301076,1909f56bfc062723c751e8b465ee728b)
Start importing Assets/Physics/Bouncy.physicsMaterial2D using Guid(7b1424e9767429940a530ff73961911a) Importer(815301076,1909f56bfc062723c751e8b465ee728b)  -> (artifact id: 'f001b5767a865f507ac1d1a071a7d6a5') in 0.000549 seconds
Number of updated asset objects reloaded before import = 0
Number of asset objects unloaded after import = 1
========================================================================
Received Import Request.
  Time since last request: 2.384732 seconds.
  path: Assets/Tiles/Brick.asset
  artifactKey: Guid(94141e68c2e704b1aa0c021ef38e3b70) Importer(815301076,1909f56bfc062723c751e8b465ee728b)
Start importing Assets/Tiles/Brick.asset using Guid(94141e68c2e704b1aa0c021ef38e3b70) Importer(815301076,1909f56bfc062723c751e8b465ee728b)  -> (artifact id: '677e5a3d2e60c006833b9c328764f3a5') in 0.004836 seconds
Number of updated asset objects reloaded before import = 0
Number of asset objects unloaded after import = 1
========================================================================
Received Import Request.
  Time since last request: 0.000145 seconds.
  path: Assets/Tiles/DirtFloorTile.asset
  artifactKey: Guid(61b5e6c36fd604b7288768893f0ee063) Importer(815301076,1909f56bfc062723c751e8b465ee728b)
Start importing Assets/Tiles/DirtFloorTile.asset using Guid(61b5e6c36fd604b7288768893f0ee063) Importer(815301076,1909f56bfc062723c751e8b465ee728b)  -> (artifact id: '9a696b8000ab9bac6534ed3c1cad8a10') in 0.007771 seconds
Number of updated asset objects reloaded before import = 0
Number of asset objects unloaded after import = 3
========================================================================
Received Import Request.
  Time since last request: 0.000080 seconds.
  path: Assets/Tiles/TilePalette.prefab
  artifactKey: Guid(58114e2a34d94a44c954bb4ebc1d455d) Importer(815301076,1909f56bfc062723c751e8b465ee728b)
Start importing Assets/Tiles/TilePalette.prefab using Guid(58114e2a34d94a44c954bb4ebc1d455d) Importer(815301076,1909f56bfc062723c751e8b465ee728b)  -> (artifact id: '9aed5a12d48d3cd1db7cb64022684db7') in 0.009686 seconds
Number of updated asset objects reloaded before import = 0
Number of asset objects unloaded after import = 28
========================================================================
Received Import Request.
  Time since last request: 0.000189 seconds.
  path: Assets/Tiles/ItemExtraBomb.asset
  artifactKey: Guid(44f3affda262c417aa87198d93c91aad) Importer(815301076,1909f56bfc062723c751e8b465ee728b)
Start importing Assets/Tiles/ItemExtraBomb.asset using Guid(44f3affda262c417aa87198d93c91aad) Importer(815301076,1909f56bfc062723c751e8b465ee728b)  -> (artifact id: '64e0fb9557d807847a1c60e1e8daf6f8') in 0.001352 seconds
Number of updated asset objects reloaded before import = 0
Number of asset objects unloaded after import = 1
========================================================================
Received Import Request.
  Time since last request: 0.000142 seconds.
  path: Assets/Tiles/GroundTile.asset
  artifactKey: Guid(3aed46808c2f95b47b0f7115ef042fd8) Importer(815301076,1909f56bfc062723c751e8b465ee728b)
Start importing Assets/Tiles/GroundTile.asset using Guid(3aed46808c2f95b47b0f7115ef042fd8) Importer(815301076,1909f56bfc062723c751e8b465ee728b)  -> (artifact id: 'f0f780216a7e08f79cd7e825254c5210') in 0.002100 seconds
Number of updated asset objects reloaded before import = 0
Number of asset objects unloaded after import = 3
========================================================================
Received Import Request.
  Time since last request: 0.000174 seconds.
  path: Assets/Tiles/Gemdensity-Sheet-trimmed_1.asset
  artifactKey: Guid(6e8ec915a89b449879ce31d51951bee3) Importer(815301076,1909f56bfc062723c751e8b465ee728b)
Start importing Assets/Tiles/Gemdensity-Sheet-trimmed_1.asset using Guid(6e8ec915a89b449879ce31d51951bee3) Importer(815301076,1909f56bfc062723c751e8b465ee728b)  -> (artifact id: '913aab8128fc0b5c5e88a185049654f6') in 0.001832 seconds
Number of updated asset objects reloaded before import = 0
Number of asset objects unloaded after import = 3
========================================================================
Received Import Request.
  Time since last request: 0.000034 seconds.
  path: Assets/Tiles/Gemdensity-Sheet-trimmed_0.asset
  artifactKey: Guid(458958567d094459db6de84bfbe78d16) Importer(815301076,1909f56bfc062723c751e8b465ee728b)
Start importing Assets/Tiles/Gemdensity-Sheet-trimmed_0.asset using Guid(458958567d094459db6de84bfbe78d16) Importer(815301076,1909f56bfc062723c751e8b465ee728b)  -> (artifact id: '0771637b550db7aa5c82771a13661662') in 0.002873 seconds
Number of updated asset objects reloaded before import = 0
Number of asset objects unloaded after import = 3
========================================================================
Received Import Request.
  Time since last request: 0.000034 seconds.
  path: Assets/Tiles/BrickTile.asset
  artifactKey: Guid(bd0a10fa6446e4342b4aa734f0340aa5) Importer(815301076,1909f56bfc062723c751e8b465ee728b)
Start importing Assets/Tiles/BrickTile.asset using Guid(bd0a10fa6446e4342b4aa734f0340aa5) Importer(815301076,1909f56bfc062723c751e8b465ee728b)  -> (artifact id: 'fcf60102fd4a8469d76cfa251b0f283d') in 0.000825 seconds
Number of updated asset objects reloaded before import = 0
Number of asset objects unloaded after import = 1
========================================================================
Received Import Request.
  Time since last request: 0.799476 seconds.
  path: Assets/Sprites/ExplosionEnd.png
  artifactKey: Guid(77378393eaf3fe04387b1941d248dabf) Importer(815301076,1909f56bfc062723c751e8b465ee728b)
Start importing Assets/Sprites/ExplosionEnd.png using Guid(77378393eaf3fe04387b1941d248dabf) Importer(815301076,1909f56bfc062723c751e8b465ee728b)  -> (artifact id: 'b051d0b653741dfb8aa82fe89afe47bb') in 0.028486 seconds
Number of updated asset objects reloaded before import = 0
Number of asset objects unloaded after import = 10
========================================================================
Received Import Request.
  Time since last request: 0.000123 seconds.
  path: Assets/Sprites/Stone.png
  artifactKey: Guid(89dcb2681658440fd87001ee3856b63f) Importer(815301076,1909f56bfc062723c751e8b465ee728b)
Start importing Assets/Sprites/Stone.png using Guid(89dcb2681658440fd87001ee3856b63f) Importer(815301076,1909f56bfc062723c751e8b465ee728b)  -> (artifact id: '37db771eb36e89449841dc4e3b76998c') in 0.004168 seconds
Number of updated asset objects reloaded before import = 0
Number of asset objects unloaded after import = 3
========================================================================
Received Import Request.
  Time since last request: 0.000125 seconds.
  path: Assets/Sprites/wallsanddoor-Sheet_0.asset
  artifactKey: Guid(85145d02c798a4eb0a3ba0d80ffd7fa1) Importer(815301076,1909f56bfc062723c751e8b465ee728b)
Start importing Assets/Sprites/wallsanddoor-Sheet_0.asset using Guid(85145d02c798a4eb0a3ba0d80ffd7fa1) Importer(815301076,1909f56bfc062723c751e8b465ee728b)  -> (artifact id: 'f9745ad587510f59b38dcef95917cd85') in 0.002497 seconds
Number of updated asset objects reloaded before import = 0
Number of asset objects unloaded after import = 3
========================================================================
Received Import Request.
  Time since last request: 0.000107 seconds.
  path: Assets/Sprites/FasterBomb-Sheet.png
  artifactKey: Guid(7c567aebfdf624da29c1dfcc268e3191) Importer(815301076,1909f56bfc062723c751e8b465ee728b)
Start importing Assets/Sprites/FasterBomb-Sheet.png using Guid(7c567aebfdf624da29c1dfcc268e3191) Importer(815301076,1909f56bfc062723c751e8b465ee728b)  -> (artifact id: 'aefc6929c29ab197993b5d6b9b42c7cb') in 0.005650 seconds
Number of updated asset objects reloaded before import = 0
Number of asset objects unloaded after import = 3
========================================================================
Received Import Request.
  Time since last request: 0.000148 seconds.
  path: Assets/Sprites/HourGlass-Sheet.png
  artifactKey: Guid(4ad5c02aee0dd496a81263e53709a08e) Importer(815301076,1909f56bfc062723c751e8b465ee728b)
Start importing Assets/Sprites/HourGlass-Sheet.png using Guid(4ad5c02aee0dd496a81263e53709a08e) Importer(815301076,1909f56bfc062723c751e8b465ee728b)  -> (artifact id: 'f193dda6395cc72a4aebc8083a21c7bf') in 0.006328 seconds
Number of updated asset objects reloaded before import = 0
Number of asset objects unloaded after import = 3
========================================================================
Received Import Request.
  Time since last request: 0.000157 seconds.
  path: Assets/Sprites/ExplosionStart.png
  artifactKey: Guid(e047a80dd0eff124dbb3b43a58792cb9) Importer(815301076,1909f56bfc062723c751e8b465ee728b)
Start importing Assets/Sprites/ExplosionStart.png using Guid(e047a80dd0eff124dbb3b43a58792cb9) Importer(815301076,1909f56bfc062723c751e8b465ee728b)  -> (artifact id: '52354ed6ed17093b2e39c53696da3fc3') in 0.017213 seconds
Number of updated asset objects reloaded before import = 0
Number of asset objects unloaded after import = 10
========================================================================
Received Import Request.
  Time since last request: 0.000168 seconds.
  path: Assets/Sprites/MoleMK2.png
  artifactKey: Guid(b786ea0ae15584898bdcb29da8681319) Importer(815301076,1909f56bfc062723c751e8b465ee728b)
Start importing Assets/Sprites/MoleMK2.png using Guid(b786ea0ae15584898bdcb29da8681319) Importer(815301076,1909f56bfc062723c751e8b465ee728b)  -> (artifact id: 'afd6ff02076331441e407bd884b88558') in 0.003820 seconds
Number of updated asset objects reloaded before import = 0
Number of asset objects unloaded after import = 3
========================================================================
Received Import Request.
  Time since last request: 0.000137 seconds.
  path: Assets/Sprites/FullBombMK1-Sheet.png
  artifactKey: Guid(7e197c19ab921480faf3f0e8e109ce4c) Importer(815301076,1909f56bfc062723c751e8b465ee728b)
Start importing Assets/Sprites/FullBombMK1-Sheet.png using Guid(7e197c19ab921480faf3f0e8e109ce4c) Importer(815301076,1909f56bfc062723c751e8b465ee728b)  -> (artifact id: 'dfca8539d32eb9f388509c5b034376c8') in 0.031362 seconds
Number of updated asset objects reloaded before import = 0
Number of asset objects unloaded after import = 21
